
R version 3.6.0 (2019-04-26) -- "Planting of a Tree"
Copyright (C) 2019 The R Foundation for Statistical Computing
Platform: x86_64-apple-darwin15.6.0 (64-bit)

R -- это свободное ПО, и оно поставляется безо всяких гарантий.
Вы вольны распространять его при соблюдении некоторых условий.
Введите 'license()' для получения более подробной информации.

  Natural language support but running in an English locale

R is a collaborative project with many contributors.
Type 'contributors()' for more information and
'citation()' on how to cite R or R packages in publications.

Введите 'demo()' для запуска демонстрационных программ, 'help()' -- для
получения справки, 'help.start()' -- для доступа к справке через браузер.
Введите 'q()', чтобы выйти из R.

> #!/usr/bin/R
> 
> library(biomaRt)
> 
> ensembl=useMart("ensembl")
> argv <- commandArgs(trailingOnly=T)
> 
> titles <- read.csv(argv[2], header = F, sep ="\t")[,1]
> 
> 
> mart = useMart("ensembl",dataset=argv[1])
> 
> cds_seq = getSequence(id=titles, type="ensembl_transcript_id", seqType="coding", mart = mart)
> 
> peptide_seq = getSequence(id=titles, type="ensembl_transcript_id", seqType="peptide", mart = mart)
> 
> 
> write.table(cds_seq, "../source/cds_seq.txt", row.names = T, col.names = F, quote = F, sep = "\t")
> write.table(peptide_seq, "../source/peptide_seq.txt", row.names = T, col.names = F, quote = F, sep = "\t")
> 
